<?xml version="1.0" encoding="UTF-8"?>
<!-- Generated by org.testng.reporters.JUnitReportReporter -->
<testsuite hostname="Natarajans-MBP" failures="0" tests="1" name="runner.TestRunner" time="7.253" errors="0" timestamp="2022-10-14T14:21:35 IST" skipped="0">
  <testcase classname="runner.TestRunner" name="runScenario" time="7.253"/>
  <system-out/>
</testsuite> <!-- runner.TestRunner -->
